<?xml version="1.0" encoding="UTF-8"?>
<testsuite xmlns:xsi="http://www.w3.org/2001/XMLSchema-instance" xsi:noNamespaceSchemaLocation="https://maven.apache.org/surefire/maven-surefire-plugin/xsd/surefire-test-report.xsd" name="createOrderTest" time="6.32" tests="12" errors="0" skipped="0" failures="0">
  <properties>
    <property name="sun.desktop" value="windows"/>
    <property name="awt.toolkit" value="sun.awt.windows.WToolkit"/>
    <property name="java.specification.version" value="11"/>
    <property name="sun.cpu.isalist" value="amd64"/>
    <property name="sun.jnu.encoding" value="Cp1251"/>
    <property name="java.class.path" value="C:\Users\Maria\Sprint_7\target\test-classes;C:\Users\Maria\Sprint_7\target\classes;C:\Users\Maria\.m2\repository\io\qameta\allure\allure-junit4\2.15.0\allure-junit4-2.15.0.jar;C:\Users\Maria\.m2\repository\io\qameta\allure\allure-java-commons\2.15.0\allure-java-commons-2.15.0.jar;C:\Users\Maria\.m2\repository\org\slf4j\slf4j-api\1.7.30\slf4j-api-1.7.30.jar;C:\Users\Maria\.m2\repository\io\qameta\allure\allure-model\2.15.0\allure-model-2.15.0.jar;C:\Users\Maria\.m2\repository\com\fasterxml\jackson\core\jackson-databind\2.9.5\jackson-databind-2.9.5.jar;C:\Users\Maria\.m2\repository\com\fasterxml\jackson\core\jackson-annotations\2.9.0\jackson-annotations-2.9.0.jar;C:\Users\Maria\.m2\repository\com\fasterxml\jackson\core\jackson-core\2.9.5\jackson-core-2.9.5.jar;C:\Users\Maria\.m2\repository\io\qameta\allure\allure-rest-assured\2.15.0\allure-rest-assured-2.15.0.jar;C:\Users\Maria\.m2\repository\io\qameta\allure\allure-attachments\2.15.0\allure-attachments-2.15.0.jar;C:\Users\Maria\.m2\repository\org\freemarker\freemarker\2.3.31\freemarker-2.3.31.jar;C:\Users\Maria\.m2\repository\io\rest-assured\rest-assured\5.3.0\rest-assured-5.3.0.jar;C:\Users\Maria\.m2\repository\org\apache\groovy\groovy\4.0.6\groovy-4.0.6.jar;C:\Users\Maria\.m2\repository\org\apache\groovy\groovy-xml\4.0.6\groovy-xml-4.0.6.jar;C:\Users\Maria\.m2\repository\org\apache\httpcomponents\httpclient\4.5.13\httpclient-4.5.13.jar;C:\Users\Maria\.m2\repository\org\apache\httpcomponents\httpcore\4.4.13\httpcore-4.4.13.jar;C:\Users\Maria\.m2\repository\commons-logging\commons-logging\1.2\commons-logging-1.2.jar;C:\Users\Maria\.m2\repository\commons-codec\commons-codec\1.11\commons-codec-1.11.jar;C:\Users\Maria\.m2\repository\org\apache\httpcomponents\httpmime\4.5.13\httpmime-4.5.13.jar;C:\Users\Maria\.m2\repository\org\hamcrest\hamcrest\2.1\hamcrest-2.1.jar;C:\Users\Maria\.m2\repository\org\ccil\cowan\tagsoup\tagsoup\1.2.1\tagsoup-1.2.1.jar;C:\Users\Maria\.m2\repository\io\rest-assured\json-path\5.3.0\json-path-5.3.0.jar;C:\Users\Maria\.m2\repository\org\apache\groovy\groovy-json\4.0.6\groovy-json-4.0.6.jar;C:\Users\Maria\.m2\repository\io\rest-assured\rest-assured-common\5.3.0\rest-assured-common-5.3.0.jar;C:\Users\Maria\.m2\repository\io\rest-assured\xml-path\5.3.0\xml-path-5.3.0.jar;C:\Users\Maria\.m2\repository\org\apache\commons\commons-lang3\3.11\commons-lang3-3.11.jar;C:\Users\Maria\.m2\repository\junit\junit\4.13.2\junit-4.13.2.jar;C:\Users\Maria\.m2\repository\org\hamcrest\hamcrest-core\1.3\hamcrest-core-1.3.jar;"/>
    <property name="java.vm.vendor" value="Amazon.com Inc."/>
    <property name="sun.arch.data.model" value="64"/>
    <property name="user.variant" value=""/>
    <property name="java.vendor.url" value="https://aws.amazon.com/corretto/"/>
    <property name="user.timezone" value="Asia/Yekaterinburg"/>
    <property name="java.vm.specification.version" value="11"/>
    <property name="os.name" value="Windows 7"/>
    <property name="sun.java.launcher" value="SUN_STANDARD"/>
    <property name="user.country" value="RU"/>
    <property name="sun.boot.library.path" value="C:\Program Files\Amazon Corretto\jdk11.0.17_8\bin"/>
    <property name="sun.java.command" value="C:\Users\Maria\AppData\Local\Temp\surefire6003437168447184580\surefirebooter18006699481661392384.jar C:\Users\Maria\AppData\Local\Temp\surefire6003437168447184580 2023-04-12T23-26-04_104-jvmRun1 surefire4250132723095899165tmp surefire_013068474852627540536tmp"/>
    <property name="jdk.debug" value="release"/>
    <property name="surefire.test.class.path" value="C:\Users\Maria\Sprint_7\target\test-classes;C:\Users\Maria\Sprint_7\target\classes;C:\Users\Maria\.m2\repository\io\qameta\allure\allure-junit4\2.15.0\allure-junit4-2.15.0.jar;C:\Users\Maria\.m2\repository\io\qameta\allure\allure-java-commons\2.15.0\allure-java-commons-2.15.0.jar;C:\Users\Maria\.m2\repository\org\slf4j\slf4j-api\1.7.30\slf4j-api-1.7.30.jar;C:\Users\Maria\.m2\repository\io\qameta\allure\allure-model\2.15.0\allure-model-2.15.0.jar;C:\Users\Maria\.m2\repository\com\fasterxml\jackson\core\jackson-databind\2.9.5\jackson-databind-2.9.5.jar;C:\Users\Maria\.m2\repository\com\fasterxml\jackson\core\jackson-annotations\2.9.0\jackson-annotations-2.9.0.jar;C:\Users\Maria\.m2\repository\com\fasterxml\jackson\core\jackson-core\2.9.5\jackson-core-2.9.5.jar;C:\Users\Maria\.m2\repository\io\qameta\allure\allure-rest-assured\2.15.0\allure-rest-assured-2.15.0.jar;C:\Users\Maria\.m2\repository\io\qameta\allure\allure-attachments\2.15.0\allure-attachments-2.15.0.jar;C:\Users\Maria\.m2\repository\org\freemarker\freemarker\2.3.31\freemarker-2.3.31.jar;C:\Users\Maria\.m2\repository\io\rest-assured\rest-assured\5.3.0\rest-assured-5.3.0.jar;C:\Users\Maria\.m2\repository\org\apache\groovy\groovy\4.0.6\groovy-4.0.6.jar;C:\Users\Maria\.m2\repository\org\apache\groovy\groovy-xml\4.0.6\groovy-xml-4.0.6.jar;C:\Users\Maria\.m2\repository\org\apache\httpcomponents\httpclient\4.5.13\httpclient-4.5.13.jar;C:\Users\Maria\.m2\repository\org\apache\httpcomponents\httpcore\4.4.13\httpcore-4.4.13.jar;C:\Users\Maria\.m2\repository\commons-logging\commons-logging\1.2\commons-logging-1.2.jar;C:\Users\Maria\.m2\repository\commons-codec\commons-codec\1.11\commons-codec-1.11.jar;C:\Users\Maria\.m2\repository\org\apache\httpcomponents\httpmime\4.5.13\httpmime-4.5.13.jar;C:\Users\Maria\.m2\repository\org\hamcrest\hamcrest\2.1\hamcrest-2.1.jar;C:\Users\Maria\.m2\repository\org\ccil\cowan\tagsoup\tagsoup\1.2.1\tagsoup-1.2.1.jar;C:\Users\Maria\.m2\repository\io\rest-assured\json-path\5.3.0\json-path-5.3.0.jar;C:\Users\Maria\.m2\repository\org\apache\groovy\groovy-json\4.0.6\groovy-json-4.0.6.jar;C:\Users\Maria\.m2\repository\io\rest-assured\rest-assured-common\5.3.0\rest-assured-common-5.3.0.jar;C:\Users\Maria\.m2\repository\io\rest-assured\xml-path\5.3.0\xml-path-5.3.0.jar;C:\Users\Maria\.m2\repository\org\apache\commons\commons-lang3\3.11\commons-lang3-3.11.jar;C:\Users\Maria\.m2\repository\junit\junit\4.13.2\junit-4.13.2.jar;C:\Users\Maria\.m2\repository\org\hamcrest\hamcrest-core\1.3\hamcrest-core-1.3.jar;"/>
    <property name="sun.cpu.endian" value="little"/>
    <property name="allure.results.directory" value="C:\Users\Maria\Sprint_7\target/allure-results"/>
    <property name="user.home" value="C:\Users\Maria"/>
    <property name="user.language" value="ru"/>
    <property name="java.specification.vendor" value="Oracle Corporation"/>
    <property name="java.version.date" value="2022-10-18"/>
    <property name="java.home" value="C:\Program Files\Amazon Corretto\jdk11.0.17_8"/>
    <property name="file.separator" value="\"/>
    <property name="basedir" value="C:\Users\Maria\Sprint_7"/>
    <property name="java.vm.compressedOopsMode" value="32-bit"/>
    <property name="line.separator" value="&#10;"/>
    <property name="java.specification.name" value="Java Platform API Specification"/>
    <property name="java.vm.specification.vendor" value="Oracle Corporation"/>
    <property name="java.awt.graphicsenv" value="sun.awt.Win32GraphicsEnvironment"/>
    <property name="surefire.real.class.path" value="C:\Users\Maria\AppData\Local\Temp\surefire6003437168447184580\surefirebooter18006699481661392384.jar"/>
    <property name="user.script" value=""/>
    <property name="sun.management.compiler" value="HotSpot 64-Bit Tiered Compilers"/>
    <property name="java.runtime.version" value="11.0.17+8-LTS"/>
    <property name="user.name" value="Maria"/>
    <property name="path.separator" value=";"/>
    <property name="os.version" value="6.1"/>
    <property name="java.runtime.name" value="OpenJDK Runtime Environment"/>
    <property name="file.encoding" value="Cp1251"/>
    <property name="java.vm.name" value="OpenJDK 64-Bit Server VM"/>
    <property name="java.vendor.version" value="Corretto-11.0.17.8.1"/>
    <property name="localRepository" value="C:\Users\Maria\.m2\repository"/>
    <property name="java.vendor.url.bug" value="https://github.com/corretto/corretto-11/issues/"/>
    <property name="java.io.tmpdir" value="C:\Users\Maria\AppData\Local\Temp\"/>
    <property name="idea.version" value="2022.3.1"/>
    <property name="java.version" value="11.0.17"/>
    <property name="user.dir" value="C:\Users\Maria\Sprint_7"/>
    <property name="os.arch" value="amd64"/>
    <property name="java.vm.specification.name" value="Java Virtual Machine Specification"/>
    <property name="java.awt.printerjob" value="sun.awt.windows.WPrinterJob"/>
    <property name="sun.os.patch.level" value="Service Pack 1"/>
    <property name="java.library.path" value="C:\Program Files\Amazon Corretto\jdk11.0.17_8\bin;C:\Windows\Sun\Java\bin;C:\Windows\system32;C:\Windows;C:\Users\Maria\Downloads\apache-maven-3.8.7-bin\apache-maven-3.8.7\bin;C:\Program Files\Git\cmd;C:\Program Files\Git\mingw64\bin;C:\Program Files\Git\usr\bin;C:\WebDriver\bin;C:\gecodriver;C:\Users\Maria\Downloads\allure-commandline-2.21.0\allure-2.21.0\bin;."/>
    <property name="java.vm.info" value="mixed mode"/>
    <property name="java.vendor" value="Amazon.com Inc."/>
    <property name="java.vm.version" value="11.0.17+8-LTS"/>
    <property name="sun.io.unicode.encoding" value="UnicodeLittle"/>
    <property name="java.class.version" value="55.0"/>
  </properties>
  <testcase name="createOrderTest[Тестовые данные: Max Demidov str.Lenina Uralmash +79999999999 5 2023-04-16 No comments]" classname="createOrderTest" time="0.405"/>
  <testcase name="createOrderManyColor[Тестовые данные: Max Demidov str.Lenina Uralmash +79999999999 5 2023-04-16 No comments]" classname="createOrderTest" time="0.379"/>
  <testcase name="createOrderOneColor[Тестовые данные: Max Demidov str.Lenina Uralmash +79999999999 5 2023-04-16 No comments]" classname="createOrderTest" time="0.325"/>
  <testcase name="createOrderWithOutColor[Тестовые данные: Max Demidov str.Lenina Uralmash +79999999999 5 2023-04-16 No comments]" classname="createOrderTest" time="0.345"/>
  <testcase name="createOrderTest[Тестовые данные: Sasha Korolev str.Kalinina 1905 goda +79999999999 5 2023-04-15 comment 1]" classname="createOrderTest" time="0.426"/>
  <testcase name="createOrderManyColor[Тестовые данные: Sasha Korolev str.Kalinina 1905 goda +79999999999 5 2023-04-15 comment 1]" classname="createOrderTest" time="0.383"/>
  <testcase name="createOrderOneColor[Тестовые данные: Sasha Korolev str.Kalinina 1905 goda +79999999999 5 2023-04-15 comment 1]" classname="createOrderTest" time="0.409"/>
  <testcase name="createOrderWithOutColor[Тестовые данные: Sasha Korolev str.Kalinina 1905 goda +79999999999 5 2023-04-15 comment 1]" classname="createOrderTest" time="0.36"/>
  <testcase name="createOrderTest[Тестовые данные: Gordei Ivanov str.Mira Geologicheskaya +79999999999 5 2023-04-14 comment 2]" classname="createOrderTest" time="0.337"/>
  <testcase name="createOrderManyColor[Тестовые данные: Gordei Ivanov str.Mira Geologicheskaya +79999999999 5 2023-04-14 comment 2]" classname="createOrderTest" time="0.515"/>
  <testcase name="createOrderOneColor[Тестовые данные: Gordei Ivanov str.Mira Geologicheskaya +79999999999 5 2023-04-14 comment 2]" classname="createOrderTest" time="0.804"/>
  <testcase name="createOrderWithOutColor[Тестовые данные: Gordei Ivanov str.Mira Geologicheskaya +79999999999 5 2023-04-14 comment 2]" classname="createOrderTest" time="0.84"/>
</testsuite>